Started GET "/" for 127.0.0.1 at 2017-08-30 10:22:52 +1000
Processing by Rails::WelcomeController#index as HTML
  Rendering /Users/takeshimakasumi/.rvm/gems/ruby-2.4.0/gems/railties-5.1.3/lib/rails/templates/rails/welcome/index.html.erb
  Rendered /Users/takeshimakasumi/.rvm/gems/ruby-2.4.0/gems/railties-5.1.3/lib/rails/templates/rails/welcome/index.html.erb (2.8ms)
Completed 200 OK in 133ms (Views: 7.2ms)


Started GET "/contact" for 127.0.0.1 at 2017-08-30 10:28:08 +1000
  
ActionController::RoutingError (No route matches [GET] "/contact"):
  
actionpack (5.1.3) lib/action_dispatch/middleware/debug_exceptions.rb:63:in `call'
web-console (3.5.1) lib/web_console/middleware.rb:135:in `call_app'
web-console (3.5.1) lib/web_console/middleware.rb:28:in `block in call'
web-console (3.5.1) lib/web_console/middleware.rb:18:in `catch'
web-console (3.5.1) lib/web_console/middleware.rb:18:in `call'
actionpack (5.1.3) lib/action_dispatch/middleware/show_exceptions.rb:31:in `call'
railties (5.1.3) lib/rails/rack/logger.rb:36:in `call_app'
railties (5.1.3) lib/rails/rack/logger.rb:24:in `block in call'
activesupport (5.1.3) lib/active_support/tagged_logging.rb:69:in `block in tagged'
activesupport (5.1.3) lib/active_support/tagged_logging.rb:26:in `tagged'
activesupport (5.1.3) lib/active_support/tagged_logging.rb:69:in `tagged'
railties (5.1.3) lib/rails/rack/logger.rb:24:in `call'
sprockets-rails (3.2.0) lib/sprockets/rails/quiet_assets.rb:13:in `call'
actionpack (5.1.3) lib/action_dispatch/middleware/remote_ip.rb:79:in `call'
actionpack (5.1.3) lib/action_dispatch/middleware/request_id.rb:25:in `call'
rack (2.0.3) lib/rack/method_override.rb:22:in `call'
rack (2.0.3) lib/rack/runtime.rb:22:in `call'
activesupport (5.1.3) lib/active_support/cache/strategy/local_cache_middleware.rb:27:in `call'
actionpack (5.1.3) lib/action_dispatch/middleware/executor.rb:12:in `call'
actionpack (5.1.3) lib/action_dispatch/middleware/static.rb:125:in `call'
rack (2.0.3) lib/rack/sendfile.rb:111:in `call'
railties (5.1.3) lib/rails/engine.rb:522:in `call'
puma (3.10.0) lib/puma/configuration.rb:225:in `call'
puma (3.10.0) lib/puma/server.rb:605:in `handle_request'
puma (3.10.0) lib/puma/server.rb:437:in `process_client'
puma (3.10.0) lib/puma/server.rb:301:in `block in run'
puma (3.10.0) lib/puma/thread_pool.rb:120:in `block in spawn_thread'
Started GET "/contact" for 127.0.0.1 at 2017-08-30 10:37:17 +1000
  
SyntaxError (/Users/takeshimakasumi/grumpy_cat_fans/app/controllers/pages_controller.rb:3: syntax error, unexpected end-of-input, expecting keyword_end):
  
app/controllers/pages_controller.rb:3: syntax error, unexpected end-of-input, expecting keyword_end
Started GET "/contact" for 127.0.0.1 at 2017-08-30 10:37:43 +1000
  
SyntaxError (/Users/takeshimakasumi/grumpy_cat_fans/app/controllers/pages_controller.rb:3: syntax error, unexpected end-of-input, expecting keyword_end):
  
app/controllers/pages_controller.rb:3: syntax error, unexpected end-of-input, expecting keyword_end
Started GET "/contact" for 127.0.0.1 at 2017-08-30 10:38:54 +1000
  
ActionController::RoutingError (No route matches [GET] "/contact"):
  
actionpack (5.1.3) lib/action_dispatch/middleware/debug_exceptions.rb:63:in `call'
web-console (3.5.1) lib/web_console/middleware.rb:135:in `call_app'
web-console (3.5.1) lib/web_console/middleware.rb:28:in `block in call'
web-console (3.5.1) lib/web_console/middleware.rb:18:in `catch'
web-console (3.5.1) lib/web_console/middleware.rb:18:in `call'
actionpack (5.1.3) lib/action_dispatch/middleware/show_exceptions.rb:31:in `call'
railties (5.1.3) lib/rails/rack/logger.rb:36:in `call_app'
railties (5.1.3) lib/rails/rack/logger.rb:24:in `block in call'
activesupport (5.1.3) lib/active_support/tagged_logging.rb:69:in `block in tagged'
activesupport (5.1.3) lib/active_support/tagged_logging.rb:26:in `tagged'
activesupport (5.1.3) lib/active_support/tagged_logging.rb:69:in `tagged'
railties (5.1.3) lib/rails/rack/logger.rb:24:in `call'
sprockets-rails (3.2.0) lib/sprockets/rails/quiet_assets.rb:13:in `call'
actionpack (5.1.3) lib/action_dispatch/middleware/remote_ip.rb:79:in `call'
actionpack (5.1.3) lib/action_dispatch/middleware/request_id.rb:25:in `call'
rack (2.0.3) lib/rack/method_override.rb:22:in `call'
rack (2.0.3) lib/rack/runtime.rb:22:in `call'
activesupport (5.1.3) lib/active_support/cache/strategy/local_cache_middleware.rb:27:in `call'
actionpack (5.1.3) lib/action_dispatch/middleware/executor.rb:12:in `call'
actionpack (5.1.3) lib/action_dispatch/middleware/static.rb:125:in `call'
rack (2.0.3) lib/rack/sendfile.rb:111:in `call'
railties (5.1.3) lib/rails/engine.rb:522:in `call'
puma (3.10.0) lib/puma/configuration.rb:225:in `call'
puma (3.10.0) lib/puma/server.rb:605:in `handle_request'
puma (3.10.0) lib/puma/server.rb:437:in `process_client'
puma (3.10.0) lib/puma/server.rb:301:in `block in run'
puma (3.10.0) lib/puma/thread_pool.rb:120:in `block in spawn_thread'
Started GET "/pages/contact" for 127.0.0.1 at 2017-08-30 10:39:05 +1000
Processing by PagesController#contact as HTML
  Rendering pages/contact.html.erb within layouts/application
  Rendered pages/contact.html.erb within layouts/application (0.3ms)
Completed 200 OK in 279ms (Views: 277.4ms)


Started GET "/" for 127.0.0.1 at 2017-08-30 10:40:08 +1000
Processing by Rails::WelcomeController#index as HTML
  Rendering /Users/takeshimakasumi/.rvm/gems/ruby-2.4.0/gems/railties-5.1.3/lib/rails/templates/rails/welcome/index.html.erb
  Rendered /Users/takeshimakasumi/.rvm/gems/ruby-2.4.0/gems/railties-5.1.3/lib/rails/templates/rails/welcome/index.html.erb (2.1ms)
Completed 200 OK in 5ms (Views: 3.7ms)


Started GET "/" for 127.0.0.1 at 2017-08-30 10:48:27 +1000
Processing by Rails::WelcomeController#index as HTML
  Rendering /Users/takeshimakasumi/.rvm/gems/ruby-2.4.0/gems/railties-5.1.3/lib/rails/templates/rails/welcome/index.html.erb
  Rendered /Users/takeshimakasumi/.rvm/gems/ruby-2.4.0/gems/railties-5.1.3/lib/rails/templates/rails/welcome/index.html.erb (3.0ms)
Completed 200 OK in 7ms (Views: 4.6ms)


Started GET "/" for 127.0.0.1 at 2017-08-30 10:48:30 +1000
Processing by Rails::WelcomeController#index as HTML
  Rendering /Users/takeshimakasumi/.rvm/gems/ruby-2.4.0/gems/railties-5.1.3/lib/rails/templates/rails/welcome/index.html.erb
  Rendered /Users/takeshimakasumi/.rvm/gems/ruby-2.4.0/gems/railties-5.1.3/lib/rails/templates/rails/welcome/index.html.erb (2.6ms)
Completed 200 OK in 7ms (Views: 4.5ms)


Started GET "/contact" for 127.0.0.1 at 2017-08-30 10:48:37 +1000
  
ActionController::RoutingError (No route matches [GET] "/contact"):
  
actionpack (5.1.3) lib/action_dispatch/middleware/debug_exceptions.rb:63:in `call'
web-console (3.5.1) lib/web_console/middleware.rb:135:in `call_app'
web-console (3.5.1) lib/web_console/middleware.rb:28:in `block in call'
web-console (3.5.1) lib/web_console/middleware.rb:18:in `catch'
web-console (3.5.1) lib/web_console/middleware.rb:18:in `call'
actionpack (5.1.3) lib/action_dispatch/middleware/show_exceptions.rb:31:in `call'
railties (5.1.3) lib/rails/rack/logger.rb:36:in `call_app'
railties (5.1.3) lib/rails/rack/logger.rb:24:in `block in call'
activesupport (5.1.3) lib/active_support/tagged_logging.rb:69:in `block in tagged'
activesupport (5.1.3) lib/active_support/tagged_logging.rb:26:in `tagged'
activesupport (5.1.3) lib/active_support/tagged_logging.rb:69:in `tagged'
railties (5.1.3) lib/rails/rack/logger.rb:24:in `call'
sprockets-rails (3.2.0) lib/sprockets/rails/quiet_assets.rb:13:in `call'
actionpack (5.1.3) lib/action_dispatch/middleware/remote_ip.rb:79:in `call'
actionpack (5.1.3) lib/action_dispatch/middleware/request_id.rb:25:in `call'
rack (2.0.3) lib/rack/method_override.rb:22:in `call'
rack (2.0.3) lib/rack/runtime.rb:22:in `call'
activesupport (5.1.3) lib/active_support/cache/strategy/local_cache_middleware.rb:27:in `call'
actionpack (5.1.3) lib/action_dispatch/middleware/executor.rb:12:in `call'
actionpack (5.1.3) lib/action_dispatch/middleware/static.rb:125:in `call'
rack (2.0.3) lib/rack/sendfile.rb:111:in `call'
railties (5.1.3) lib/rails/engine.rb:522:in `call'
puma (3.10.0) lib/puma/configuration.rb:225:in `call'
puma (3.10.0) lib/puma/server.rb:605:in `handle_request'
puma (3.10.0) lib/puma/server.rb:437:in `process_client'
puma (3.10.0) lib/puma/server.rb:301:in `block in run'
puma (3.10.0) lib/puma/thread_pool.rb:120:in `block in spawn_thread'
Started GET "/contact" for 127.0.0.1 at 2017-08-30 10:48:38 +1000
  
ActionController::RoutingError (No route matches [GET] "/contact"):
  
actionpack (5.1.3) lib/action_dispatch/middleware/debug_exceptions.rb:63:in `call'
web-console (3.5.1) lib/web_console/middleware.rb:135:in `call_app'
web-console (3.5.1) lib/web_console/middleware.rb:28:in `block in call'
web-console (3.5.1) lib/web_console/middleware.rb:18:in `catch'
web-console (3.5.1) lib/web_console/middleware.rb:18:in `call'
actionpack (5.1.3) lib/action_dispatch/middleware/show_exceptions.rb:31:in `call'
railties (5.1.3) lib/rails/rack/logger.rb:36:in `call_app'
railties (5.1.3) lib/rails/rack/logger.rb:24:in `block in call'
activesupport (5.1.3) lib/active_support/tagged_logging.rb:69:in `block in tagged'
activesupport (5.1.3) lib/active_support/tagged_logging.rb:26:in `tagged'
activesupport (5.1.3) lib/active_support/tagged_logging.rb:69:in `tagged'
railties (5.1.3) lib/rails/rack/logger.rb:24:in `call'
sprockets-rails (3.2.0) lib/sprockets/rails/quiet_assets.rb:13:in `call'
actionpack (5.1.3) lib/action_dispatch/middleware/remote_ip.rb:79:in `call'
actionpack (5.1.3) lib/action_dispatch/middleware/request_id.rb:25:in `call'
rack (2.0.3) lib/rack/method_override.rb:22:in `call'
rack (2.0.3) lib/rack/runtime.rb:22:in `call'
activesupport (5.1.3) lib/active_support/cache/strategy/local_cache_middleware.rb:27:in `call'
actionpack (5.1.3) lib/action_dispatch/middleware/executor.rb:12:in `call'
actionpack (5.1.3) lib/action_dispatch/middleware/static.rb:125:in `call'
rack (2.0.3) lib/rack/sendfile.rb:111:in `call'
railties (5.1.3) lib/rails/engine.rb:522:in `call'
puma (3.10.0) lib/puma/configuration.rb:225:in `call'
puma (3.10.0) lib/puma/server.rb:605:in `handle_request'
puma (3.10.0) lib/puma/server.rb:437:in `process_client'
puma (3.10.0) lib/puma/server.rb:301:in `block in run'
puma (3.10.0) lib/puma/thread_pool.rb:120:in `block in spawn_thread'
Started GET "/contact" for 127.0.0.1 at 2017-08-30 10:49:34 +1000
  
ActionController::RoutingError (No route matches [GET] "/contact"):
  
actionpack (5.1.3) lib/action_dispatch/middleware/debug_exceptions.rb:63:in `call'
web-console (3.5.1) lib/web_console/middleware.rb:135:in `call_app'
web-console (3.5.1) lib/web_console/middleware.rb:28:in `block in call'
web-console (3.5.1) lib/web_console/middleware.rb:18:in `catch'
web-console (3.5.1) lib/web_console/middleware.rb:18:in `call'
actionpack (5.1.3) lib/action_dispatch/middleware/show_exceptions.rb:31:in `call'
railties (5.1.3) lib/rails/rack/logger.rb:36:in `call_app'
railties (5.1.3) lib/rails/rack/logger.rb:24:in `block in call'
activesupport (5.1.3) lib/active_support/tagged_logging.rb:69:in `block in tagged'
activesupport (5.1.3) lib/active_support/tagged_logging.rb:26:in `tagged'
activesupport (5.1.3) lib/active_support/tagged_logging.rb:69:in `tagged'
railties (5.1.3) lib/rails/rack/logger.rb:24:in `call'
sprockets-rails (3.2.0) lib/sprockets/rails/quiet_assets.rb:13:in `call'
actionpack (5.1.3) lib/action_dispatch/middleware/remote_ip.rb:79:in `call'
actionpack (5.1.3) lib/action_dispatch/middleware/request_id.rb:25:in `call'
rack (2.0.3) lib/rack/method_override.rb:22:in `call'
rack (2.0.3) lib/rack/runtime.rb:22:in `call'
activesupport (5.1.3) lib/active_support/cache/strategy/local_cache_middleware.rb:27:in `call'
actionpack (5.1.3) lib/action_dispatch/middleware/executor.rb:12:in `call'
actionpack (5.1.3) lib/action_dispatch/middleware/static.rb:125:in `call'
rack (2.0.3) lib/rack/sendfile.rb:111:in `call'
railties (5.1.3) lib/rails/engine.rb:522:in `call'
puma (3.10.0) lib/puma/configuration.rb:225:in `call'
puma (3.10.0) lib/puma/server.rb:605:in `handle_request'
puma (3.10.0) lib/puma/server.rb:437:in `process_client'
puma (3.10.0) lib/puma/server.rb:301:in `block in run'
puma (3.10.0) lib/puma/thread_pool.rb:120:in `block in spawn_thread'
Started GET "/contact" for 127.0.0.1 at 2017-08-30 10:50:08 +1000
  
ActionController::RoutingError (No route matches [GET] "/contact"):
  
actionpack (5.1.3) lib/action_dispatch/middleware/debug_exceptions.rb:63:in `call'
web-console (3.5.1) lib/web_console/middleware.rb:135:in `call_app'
web-console (3.5.1) lib/web_console/middleware.rb:28:in `block in call'
web-console (3.5.1) lib/web_console/middleware.rb:18:in `catch'
web-console (3.5.1) lib/web_console/middleware.rb:18:in `call'
actionpack (5.1.3) lib/action_dispatch/middleware/show_exceptions.rb:31:in `call'
railties (5.1.3) lib/rails/rack/logger.rb:36:in `call_app'
railties (5.1.3) lib/rails/rack/logger.rb:24:in `block in call'
activesupport (5.1.3) lib/active_support/tagged_logging.rb:69:in `block in tagged'
activesupport (5.1.3) lib/active_support/tagged_logging.rb:26:in `tagged'
activesupport (5.1.3) lib/active_support/tagged_logging.rb:69:in `tagged'
railties (5.1.3) lib/rails/rack/logger.rb:24:in `call'
sprockets-rails (3.2.0) lib/sprockets/rails/quiet_assets.rb:13:in `call'
actionpack (5.1.3) lib/action_dispatch/middleware/remote_ip.rb:79:in `call'
actionpack (5.1.3) lib/action_dispatch/middleware/request_id.rb:25:in `call'
rack (2.0.3) lib/rack/method_override.rb:22:in `call'
rack (2.0.3) lib/rack/runtime.rb:22:in `call'
activesupport (5.1.3) lib/active_support/cache/strategy/local_cache_middleware.rb:27:in `call'
actionpack (5.1.3) lib/action_dispatch/middleware/executor.rb:12:in `call'
actionpack (5.1.3) lib/action_dispatch/middleware/static.rb:125:in `call'
rack (2.0.3) lib/rack/sendfile.rb:111:in `call'
railties (5.1.3) lib/rails/engine.rb:522:in `call'
puma (3.10.0) lib/puma/configuration.rb:225:in `call'
puma (3.10.0) lib/puma/server.rb:605:in `handle_request'
puma (3.10.0) lib/puma/server.rb:437:in `process_client'
puma (3.10.0) lib/puma/server.rb:301:in `block in run'
puma (3.10.0) lib/puma/thread_pool.rb:120:in `block in spawn_thread'
Started GET "/contact" for 127.0.0.1 at 2017-08-30 10:51:32 +1000
Processing by PagesController#contact as HTML
  Rendering pages/contact.html.erb within layouts/application
  Rendered pages/contact.html.erb within layouts/application (0.3ms)
Completed 200 OK in 11ms (Views: 10.1ms)


Started GET "/contact" for 127.0.0.1 at 2017-08-30 10:52:30 +1000
Processing by PagesController#contact as HTML
  Rendering pages/contact.html.erb within layouts/application
  Rendered pages/contact.html.erb within layouts/application (0.3ms)
Completed 200 OK in 11ms (Views: 9.5ms)


Started GET "/contact" for 127.0.0.1 at 2017-08-30 10:54:28 +1000
Processing by PagesController#contact as HTML
  Rendering pages/contact.html.erb within layouts/application
  Rendered pages/contact.html.erb within layouts/application (0.3ms)
Completed 200 OK in 10ms (Views: 9.4ms)


Started GET "/contact" for 127.0.0.1 at 2017-08-30 10:55:07 +1000
Processing by PagesController#contact as HTML
  Rendering pages/contact.html.erb within layouts/application
  Rendered pages/contact.html.erb within layouts/application (0.3ms)
Completed 200 OK in 14ms (Views: 12.4ms)


